<?xml version="1.0" encoding="UTF-8"?>
<!-- Generated by org.testng.reporters.JUnitXMLReporter -->
<testsuite hostname="1INITCLT02666" ignored="2" name="Car loan" tests="1" failures="0" timestamp="15 Feb 2023 03:51:45 GMT" time="0.013" errors="0">
  <testcase name="Carlogin" time="0.003" classname="TestPackage.Basics3"/>
  <testcase name="mobileapilogin" time="0.0" classname="TestPackage.Basics3">
    <ignored/>
  </testcase> <!-- mobileapilogin -->
  <testcase name="mobilehomelogin" time="0.0" classname="TestPackage.Basics3">
    <ignored/>
  </testcase> <!-- mobilehomelogin -->
</testsuite> <!-- Car loan -->
