<?xml version="1.0" encoding="UTF-8"?>
<!-- Generated by org.testng.reporters.JUnitXMLReporter -->
<testsuite hostname="1INITCLT02666" ignored="3" name="Home loan" tests="1" failures="0" timestamp="15 Feb 2023 03:51:45 GMT" time="0.003" errors="0">
  <testcase name="apilogin" time="0.001" classname="TestPackage.Basics4"/>
  <testcase name="mobilelogin" time="0.0" classname="TestPackage.Basics4">
    <ignored/>
  </testcase> <!-- mobilelogin -->
  <testcase name="webloginHome" time="0.0" classname="TestPackage.Basics4">
    <ignored/>
  </testcase> <!-- webloginHome -->
  <testcase name="home" time="0.0" classname="TestPackage.Basics4">
    <ignored/>
  </testcase> <!-- home -->
</testsuite> <!-- Home loan -->
