<?xml version="1.0" encoding="UTF-8"?>
<!-- Generated by org.testng.reporters.JUnitXMLReporter -->
<testsuite hostname="1INITCLT02666" ignored="4" name="Smoke Test" tests="6" failures="0" timestamp="15 Dec 2022 15:01:23 GMT" time="0.038" errors="0">
  <testcase name="Demo2" time="0.005" classname="TestPackage.Basics"/>
  <testcase name="dummy" time="0.001" classname="TestPackage.Basics2"/>
  <testcase name="mobileapilogin" time="0.001" classname="TestPackage.Basics3"/>
  <testcase name="mobilehomelogin" time="0.001" classname="TestPackage.Basics3"/>
  <testcase name="mobilelogin" time="0.001" classname="TestPackage.Basics4"/>
  <testcase name="webloginHome" time="0.002" classname="TestPackage.Basics4"/>
  <testcase name="apilogin" time="0.0" classname="TestPackage.Basics4">
    <ignored/>
  </testcase> <!-- apilogin -->
  <testcase name="demo3" time="0.0" classname="TestPackage.Basics2">
    <ignored/>
  </testcase> <!-- demo3 -->
  <testcase name="Carlogin" time="0.0" classname="TestPackage.Basics3">
    <ignored/>
  </testcase> <!-- Carlogin -->
  <testcase name="Demo" time="0.0" classname="TestPackage.Basics">
    <ignored/>
  </testcase> <!-- Demo -->
</testsuite> <!-- Smoke Test -->
